Time,sGPU_0_Memory_Usage(MB),sGPU_1_Memory_Usage(MB),sGPU_2_Memory_Usage(MB),sGPU_3_Memory_Usage(MB),sGPU_4_Memory_Usage(MB),sGPU_5_Memory_Usage(MB),sGPU_6_Memory_Usage(MB)
0.00,0.01,0.01,0.01,0.01,0.00,0.00,0.01
0.11,4.43,6.34,4.70,5.39,4.13,3.77,4.26
0.21,8.76,11.55,7.71,10.49,7.91,7.49,8.70
0.31,12.28,15.88,11.29,15.41,11.06,11.26,12.55
0.41,17.37,22.19,15.80,20.46,13.49,14.04,15.60
0.51,21.53,28.83,17.36,24.89,18.31,18.35,19.01
0.62,28.14,34.59,22.59,29.37,20.19,21.80,28.33
0.72,31.07,41.75,25.74,35.92,25.51,26.29,31.78
0.82,33.09,44.11,29.81,40.22,27.51,24.82,35.02
0.92,38.93,52.77,32.93,44.06,33.67,33.25,38.15
1.02,40.49,55.17,36.86,48.05,38.41,36.90,40.96
1.12,51.05,62.73,37.47,50.84,39.56,43.00,50.93
1.22,54.10,69.09,38.09,56.44,43.04,42.35,53.69
1.33,59.00,70.84,42.46,55.14,51.95,44.49,56.19
1.43,63.62,75.91,46.76,64.01,48.33,47.38,63.81
1.53,64.93,88.86,54.71,72.61,54.95,56.51,70.04
1.63,72.21,88.96,54.54,76.97,58.29,60.88,76.02
1.73,82.52,91.70,56.69,74.55,61.31,60.11,78.50
1.83,77.93,90.48,66.40,85.48,64.84,66.71,87.76
1.93,90.68,94.25,63.97,92.42,68.47,65.53,91.10
2.03,95.23,106.67,63.66,89.40,75.93,77.32,99.98
2.13,104.26,110.98,65.95,94.29,80.66,82.79,99.90
2.23,104.89,118.54,73.46,99.76,84.07,93.28,107.33
2.33,102.59,115.90,79.92,113.38,89.83,93.41,104.79
2.43,115.32,119.13,78.52,108.74,94.01,93.44,115.00
2.53,113.82,133.69,75.59,111.07,92.27,107.47,120.20
2.63,123.34,123.66,86.35,115.31,111.42,110.34,122.36
2.73,126.70,139.85,85.57,124.74,103.35,107.56,123.31
2.83,127.92,139.84,83.16,137.68,108.56,111.13,134.93
2.93,143.26,140.48,90.13,126.06,117.47,125.71,143.10
3.03,138.12,144.96,82.10,140.04,116.83,131.88,140.94
3.13,141.63,162.42,90.29,148.60,121.41,126.19,144.74
3.23,150.77,162.99,96.37,158.12,129.75,136.47,140.76
3.34,156.26,170.88,93.99,145.37,146.55,140.42,155.42
3.44,149.02,168.73,103.05,147.03,133.96,145.42,157.72
3.54,159.93,173.89,97.50,161.93,132.03,145.81,166.10
3.64,158.49,166.07,106.00,182.89,148.11,152.92,159.86
3.74,168.42,175.71,117.22,161.19,142.39,163.59,171.68
3.84,159.96,176.71,107.74,182.65,139.96,168.14,169.43
3.94,182.82,180.47,108.15,180.22,169.77,160.63,210.57
4.04,195.12,193.58,121.26,205.20,187.45,175.84,179.01
4.14,176.27,192.11,132.40,189.19,173.12,178.39,185.09
4.24,160.35,197.68,110.80,202.08,174.63,193.83,167.75
4.34,165.01,186.61,120.03,218.55,176.03,178.94,182.49
4.44,174.78,210.54,139.36,203.38,184.03,207.13,199.93
4.54,208.98,213.38,130.06,230.33,189.17,189.01,188.45
4.65,197.65,212.06,133.33,217.25,207.48,196.11,208.00
4.75,194.01,219.55,132.07,240.45,218.74,221.56,208.25
4.85,209.09,223.23,140.16,243.88,220.14,225.04,207.08
4.95,187.61,213.68,143.35,244.56,231.66,203.94,206.00
5.05,225.53,224.30,143.58,245.07,234.14,217.16,210.87
5.15,225.33,238.91,157.76,251.61,243.35,223.14,224.38
5.25,205.06,230.47,160.68,270.63,232.65,214.74,211.92
5.35,233.70,246.11,149.96,270.82,256.25,227.81,209.97
5.45,196.77,239.58,171.93,256.28,244.37,247.17,210.87
5.55,207.28,240.23,176.60,278.41,252.85,226.88,232.20
5.65,239.16,248.79,175.61,270.84,279.77,249.02,223.73
5.75,225.17,259.55,187.58,296.16,249.52,234.95,247.42
5.85,223.13,254.43,184.96,310.69,264.94,243.64,221.68
5.95,243.75,249.68,183.44,272.72,285.04,234.29,245.21
6.05,240.12,276.70,194.89,329.27,271.76,245.32,232.59
6.15,219.00,277.42,188.43,308.00,274.21,259.74,235.89
6.26,225.98,255.69,198.55,333.10,273.30,249.31,250.14
6.36,246.79,289.78,222.26,344.02,302.51,268.23,244.68
6.46,227.18,288.06,212.54,355.66,283.87,260.72,235.19
6.57,235.20,302.68,210.72,351.93,314.36,254.23,255.83
6.68,269.55,314.86,216.10,360.39,294.69,270.29,257.69
6.78,229.98,322.49,228.73,337.57,302.77,260.38,291.34
6.88,219.97,305.65,241.85,369.94,300.91,263.82,249.77
6.98,252.75,317.41,247.66,406.59,314.58,267.76,243.50
7.08,235.96,308.24,234.28,396.67,323.76,269.43,247.71
7.18,270.48,325.73,241.10,405.17,337.23,250.33,278.40
7.29,249.83,343.78,278.57,387.52,319.50,286.52,277.39
7.39,287.19,325.74,275.25,393.04,322.66,247.71,287.27
7.49,267.63,341.08,253.09,435.80,323.76,266.63,260.44
7.60,304.29,339.06,273.63,404.57,319.86,273.14,274.18
7.70,283.88,354.78,292.72,413.26,348.29,316.10,280.92
7.80,291.72,361.51,269.91,413.84,321.93,277.16,292.41
7.90,313.77,357.73,298.13,458.10,312.90,284.60,307.46
8.00,302.52,374.99,274.00,411.29,297.18,327.25,279.52
8.10,296.60,377.08,288.21,446.53,345.19,299.69,274.83
8.21,280.59,381.64,293.47,429.08,329.53,277.61,313.62
8.31,282.22,397.42,323.32,444.43,351.83,304.88,302.26
8.41,300.09,412.54,315.16,447.25,330.58,295.46,305.00
8.51,294.60,425.33,325.36,472.57,379.85,296.27,324.41
8.62,302.63,447.81,329.05,490.66,386.09,300.78,326.66
8.73,345.16,422.59,372.97,429.01,360.99,281.34,311.45
8.83,334.46,426.33,311.49,499.38,337.34,294.70,321.80
8.93,338.60,454.97,350.89,479.01,361.81,324.34,317.89
9.03,369.57,453.75,344.22,469.79,375.28,316.49,331.39
9.19,361.07,464.36,374.51,510.21,344.73,306.14,354.36
10.94,465.38,534.85,331.43,475.81,339.96,373.63,422.51
12.71,426.94,525.39,289.83,425.33,383.99,430.31,438.09
14.55,404.23,441.35,280.59,476.23,425.85,415.55,430.57
14.68,389.95,457.06,304.00,463.57,428.97,408.28,452.63
14.79,435.68,471.64,300.37,458.07,446.96,452.43,449.56
14.89,409.14,435.25,311.12,493.73,403.60,429.63,457.10
15.52,410.19,461.51,273.65,510.57,442.15,425.20,439.78
15.71,374.69,440.72,300.43,507.86,463.62,403.28,406.20
15.81,419.76,429.64,321.42,490.95,405.08,434.79,393.22
15.91,362.27,446.40,325.89,492.66,460.45,443.65,370.16
16.01,369.35,442.84,294.65,512.78,448.97,368.05,390.64
16.11,380.87,461.59,338.29,536.16,437.58,387.96,404.26
16.44,374.84,460.97,316.36,524.73,499.30,383.71,373.04
17.12,382.30,427.52,366.45,527.72,446.78,365.08,364.59
20.50,439.31,528.44,400.91,490.04,359.04,333.93,403.86
20.64,431.84,538.71,387.92,478.93,334.85,334.03,408.11
20.74,399.82,575.22,376.52,484.08,367.14,353.66,408.92
20.84,427.72,554.61,320.28,482.70,349.48,325.97,436.22
20.94,447.00,527.19,379.80,474.08,371.91,349.97,453.77
21.04,444.11,547.19,368.88,458.76,366.02,350.88,451.52
21.14,471.91,566.50,352.09,441.54,390.07,370.25,433.09
21.24,455.11,555.59,324.16,469.34,343.78,364.63,431.11
21.34,463.40,550.98,339.16,444.83,354.53,381.45,415.76
21.44,447.43,542.12,365.38,450.88,356.01,371.73,393.41
21.54,452.16,571.47,384.66,431.62,329.47,337.60,459.74
21.64,448.59,575.67,351.35,472.93,335.99,361.57,419.18
21.74,467.14,545.10,345.13,439.95,370.82,398.18,426.34
21.84,433.13,546.28,288.91,451.47,331.28,395.79,438.31
21.94,477.49,500.13,283.44,440.48,355.34,384.29,437.67
22.83,434.26,502.82,273.97,433.67,388.12,355.72,447.60
23.12,436.60,475.11,293.43,465.77,355.43,416.11,464.87
23.24,430.41,531.63,263.35,446.04,375.34,424.64,477.38
23.34,455.05,472.65,307.21,438.38,370.38,436.61,436.96
23.44,452.96,481.69,277.29,446.32,393.41,463.17,426.03
23.54,456.05,500.52,286.49,452.68,415.99,446.70,428.71
23.64,471.65,495.72,287.68,474.32,429.27,416.00,507.02
23.74,440.41,469.78,288.05,480.40,469.35,421.23,462.98
23.84,445.19,446.81,301.52,503.47,394.65,406.83,446.27
23.94,441.72,507.88,300.15,473.88,376.07,433.93,454.61
24.19,438.68,452.80,312.67,462.03,401.68,424.88,468.58
26.83,371.41,471.77,312.36,540.15,421.56,396.19,385.10
28.73,352.94,500.68,369.31,530.64,371.26,329.72,358.15
28.90,381.44,500.78,392.39,550.95,385.55,344.73,374.90
29.36,350.14,493.12,374.26,541.59,392.39,288.16,372.29
29.79,428.09,529.99,411.57,499.49,400.67,345.50,372.59
29.94,428.98,554.01,406.40,478.46,378.14,357.71,361.79
30.04,445.24,551.69,394.04,509.67,365.89,314.52,387.13
30.14,440.76,519.99,376.90,505.06,356.90,334.55,393.11
30.24,393.08,516.47,384.79,522.01,363.50,334.26,398.51
30.34,413.03,526.06,348.12,470.22,375.84,332.72,395.83
30.44,445.70,570.69,401.23,463.78,360.24,333.92,407.82
30.54,399.88,516.52,355.25,495.45,365.07,330.02,455.34
30.64,423.91,573.94,407.11,480.33,380.09,332.08,401.52
30.74,383.30,518.56,386.43,528.11,351.79,381.52,414.84
30.84,428.15,501.64,379.55,488.13,374.15,337.95,443.00
30.95,430.55,512.00,386.24,494.04,357.74,362.69,423.12
32.25,400.06,544.82,334.46,456.88,340.29,381.87,481.36
32.38,446.70,559.03,300.76,458.77,377.43,356.89,484.54
32.48,460.86,534.63,316.60,460.02,383.76,423.35,452.09
32.58,449.96,535.54,321.66,444.72,376.38,360.21,484.83
32.68,462.28,532.77,266.93,395.86,399.40,401.35,454.02
32.79,479.54,518.66,302.66,461.76,348.21,428.79,482.02
32.89,474.68,490.67,304.12,440.14,365.65,389.24,460.24
32.99,449.57,505.65,344.95,449.95,342.50,419.11,449.48
33.09,431.11,499.15,301.49,456.57,363.55,362.55,466.83
33.19,442.60,479.74,288.54,433.67,396.27,419.77,470.19
33.29,473.52,493.22,309.49,490.16,397.90,428.44,452.21
33.39,447.95,473.84,277.64,430.70,439.76,435.97,450.94
33.58,434.30,469.07,261.51,426.49,404.92,445.81,472.67
39.22,361.06,528.37,362.68,521.47,352.59,349.93,396.58
39.34,430.67,488.61,395.45,500.47,366.57,326.81,374.50
39.44,369.10,518.32,380.44,560.52,363.27,353.11,366.67
39.54,360.03,526.01,399.51,538.73,394.86,346.80,348.68
39.64,384.88,486.05,382.31,488.63,358.93,299.84,384.25
39.74,398.49,536.00,407.14,478.85,384.71,328.53,385.30
39.84,415.25,532.70,390.60,503.46,410.70,317.37,396.39
39.94,366.19,549.72,382.50,540.59,385.20,353.26,420.33
40.04,377.26,551.25,369.29,507.33,367.74,319.92,361.87
40.14,399.81,539.49,418.37,471.45,366.89,365.82,410.72
40.25,427.93,552.46,370.05,498.15,359.67,335.96,421.05
40.35,401.96,537.29,374.11,477.61,381.22,316.87,379.06
40.45,413.45,560.68,338.35,475.66,380.67,345.26,430.81
40.55,424.72,513.68,340.90,475.59,352.50,336.28,415.87
40.65,442.81,511.80,360.25,516.64,398.29,348.37,438.36
40.75,442.73,610.68,365.82,498.65,347.94,339.51,417.88
40.85,399.23,518.49,362.53,483.99,352.57,337.48,412.53
40.95,412.33,542.91,335.79,464.49,378.58,356.67,430.11
41.05,458.73,538.61,341.65,484.09,404.61,325.14,447.29
41.15,467.83,541.57,332.68,481.87,354.87,335.83,436.11
41.27,449.89,525.60,377.33,487.23,332.53,380.61,483.59
41.57,453.06,560.42,367.73,466.95,357.85,341.92,446.63
41.75,457.65,547.52,324.41,443.95,332.52,393.43,479.76
41.95,440.28,542.25,323.09,427.72,396.16,349.47,434.05
43.74,437.65,493.83,292.82,467.62,436.11,420.86,470.26
43.87,423.63,451.24,304.80,465.51,407.56,446.39,438.30
43.97,466.88,452.73,295.50,486.15,446.58,414.09,463.99
44.07,432.43,488.49,281.25,463.65,429.03,446.73,429.67
44.17,428.45,491.53,277.76,445.70,416.71,403.84,465.67
44.27,438.20,443.70,285.91,451.52,446.09,426.02,432.88
44.37,441.45,474.92,264.29,452.76,405.19,436.82,472.87
44.47,418.14,486.21,256.36,479.85,435.46,444.65,441.86
44.57,446.26,438.22,291.57,472.33,438.06,423.64,441.61
44.67,411.63,467.03,294.25,448.71,428.77,418.36,432.83
44.77,414.15,460.38,317.94,485.17,442.72,442.12,437.10
44.87,389.51,431.76,285.71,461.61,439.57,468.62,429.45
44.97,390.03,420.04,275.72,486.04,428.99,445.57,397.68
45.07,400.14,475.91,264.01,491.94,442.52,416.40,405.71
45.17,387.03,439.67,301.87,512.13,436.44,392.52,391.08
45.27,387.85,429.54,281.40,507.94,419.26,404.36,397.02
45.37,412.89,409.29,309.95,469.88,430.72,413.05,412.83
45.47,369.05,421.43,345.25,463.59,446.05,422.00,399.37
45.57,399.77,426.40,291.91,518.20,433.39,402.12,438.26
45.67,366.60,443.73,294.26,497.76,478.85,431.83,379.58
45.77,351.83,433.14,308.22,538.17,460.82,456.38,414.66
45.87,392.79,468.29,278.15,529.71,488.37,408.00,430.22
45.97,372.71,445.91,328.11,521.34,461.23,429.45,378.42
46.07,378.28,463.24,337.23,540.23,432.11,370.95,366.14
46.18,375.56,434.53,347.76,504.92,416.48,372.60,407.15
46.28,378.98,450.21,338.93,531.16,454.21,403.38,392.65
46.38,356.25,439.79,318.89,556.54,486.50,400.73,397.26
46.48,351.38,413.37,309.30,564.49,451.30,438.14,421.95
46.58,343.08,453.00,329.77,569.98,445.24,402.80,391.76
46.68,388.10,421.50,323.87,523.18,441.99,402.61,337.86
46.78,378.71,461.74,330.22,518.65,500.49,393.53,378.93
46.88,331.78,445.74,343.66,562.63,450.32,385.97,364.41
46.98,333.47,452.55,331.31,542.18,450.59,395.83,372.18
47.08,379.21,477.50,333.11,501.82,402.92,369.24,382.83
47.18,354.05,470.09,357.52,534.18,420.00,423.09,399.55
47.28,378.78,412.42,341.08,567.79,435.24,374.65,362.61
47.38,399.10,439.85,351.39,520.93,442.23,365.79,353.41
47.48,363.62,460.94,352.68,534.32,422.37,387.62,382.85
47.58,297.92,493.01,365.60,554.44,435.44,383.73,312.41
47.68,373.70,486.11,372.77,514.28,383.42,333.49,355.71
47.78,353.97,505.13,350.15,540.98,442.42,342.28,371.55
47.88,354.40,475.23,364.49,499.21,426.69,375.23,379.88
47.98,354.41,461.86,375.70,579.73,455.39,366.52,359.78
48.08,356.63,452.26,358.85,592.54,407.67,337.48,369.23
48.18,351.48,469.06,384.45,548.28,420.45,371.63,341.22
48.28,392.18,506.06,384.42,539.35,443.30,349.63,394.89
48.38,346.90,518.49,364.64,550.41,463.07,351.38,413.34
48.48,382.95,474.25,372.21,532.91,390.92,341.99,343.20
48.58,357.38,495.43,359.67,562.81,398.50,382.49,384.82
48.68,376.71,462.70,370.18,564.80,412.83,389.59,339.76
48.78,358.49,493.28,413.46,543.62,380.02,340.44,390.79
48.88,403.50,482.17,380.32,523.36,418.83,318.43,353.93
48.98,368.74,496.62,351.79,527.71,396.79,339.27,402.05
49.09,381.68,502.69,390.31,535.10,353.20,306.84,412.28
49.19,334.93,512.47,421.67,523.08,368.66,339.39,395.29
49.29,394.43,503.39,374.74,523.48,391.58,321.03,377.44
49.39,401.53,551.93,371.20,525.01,359.04,357.12,396.95
49.49,360.14,531.08,394.88,491.34,392.61,331.88,360.75
49.59,383.94,554.34,385.07,512.75,399.40,349.42,417.58
49.69,406.32,534.16,387.66,533.83,354.11,339.97,374.55
49.79,405.93,516.49,410.20,513.43,372.22,340.83,411.62
49.89,397.62,548.67,383.01,481.22,356.90,341.78,383.80
49.99,441.28,524.23,393.58,500.30,421.57,339.65,404.50
50.09,412.50,514.95,361.33,508.59,347.24,337.77,426.25
50.19,387.43,563.09,405.36,494.22,300.87,326.36,376.13
50.29,398.76,569.71,381.04,446.77,337.19,336.64,396.66
50.39,446.75,538.31,389.74,511.30,314.57,317.29,403.38
50.49,452.64,536.72,364.15,444.25,374.72,345.48,428.38
50.59,427.57,524.27,381.11,487.13,374.77,331.10,432.69
50.69,404.94,540.72,358.51,481.73,377.03,364.30,417.62
50.79,457.26,557.19,359.29,468.67,343.01,368.81,408.84
50.89,461.15,549.61,393.04,465.70,356.85,358.78,416.21
50.99,439.35,582.78,363.78,467.75,363.86,364.69,405.51
51.09,419.47,554.18,340.00,492.25,377.30,330.80,426.44
51.19,444.27,558.09,383.88,482.24,351.38,377.59,411.64
51.29,469.95,523.39,328.75,471.02,371.36,334.47,404.23
51.39,440.07,541.53,369.93,459.16,359.36,376.59,440.26
51.49,417.65,544.45,329.31,458.91,309.44,395.15,438.70
51.59,462.46,554.37,349.80,462.07,375.27,386.27,406.23
51.69,450.86,581.97,340.11,449.08,367.97,372.07,437.62
51.79,453.12,497.39,346.55,473.65,412.40,396.52,435.43
51.89,460.07,529.59,329.90,443.24,382.12,367.40,429.95
51.99,477.20,529.52,339.15,473.39,358.04,411.77,449.53
52.09,463.67,499.69,309.93,432.41,380.03,385.51,431.80
52.19,459.52,505.14,332.93,432.46,355.65,417.51,449.27
52.29,448.04,521.03,297.19,453.01,379.54,369.08,421.85
52.40,473.21,514.79,313.76,465.91,370.75,392.88,441.37
52.50,486.82,504.16,263.89,436.40,436.22,408.57,417.31
52.60,449.89,541.49,295.54,451.73,366.69,419.86,456.66
52.70,430.37,515.98,339.69,415.94,372.74,423.82,454.51
52.80,443.31,515.87,288.64,443.06,410.61,406.67,492.49
52.90,496.20,505.28,325.29,466.65,376.68,422.89,461.52
53.00,465.79,485.34,269.12,442.55,383.40,376.38,463.04
53.10,465.84,508.21,341.38,429.79,402.42,415.95,439.45
53.20,442.69,501.62,281.29,421.95,395.25,386.02,471.07
53.30,448.29,480.38,289.60,443.63,353.53,436.44,455.96
53.40,437.02,495.03,281.68,439.19,373.53,434.23,480.11
53.50,433.07,499.90,316.80,443.57,414.49,398.05,473.24
53.60,447.25,492.64,293.24,435.48,408.23,402.56,463.92
53.70,438.05,503.34,305.39,447.71,408.77,462.32,444.24
53.80,466.22,496.97,290.08,456.13,383.16,425.45,474.97
53.90,449.43,486.55,257.67,444.45,382.05,427.48,480.43
54.00,452.68,451.73,294.46,450.75,436.98,460.14,420.65
54.10,398.79,463.67,282.48,460.18,443.33,459.44,495.47
54.20,475.86,443.97,251.05,483.62,411.10,448.90,448.33
54.30,407.06,504.26,282.18,455.58,441.37,424.20,426.94
54.40,419.01,465.06,316.27,500.98,428.05,441.36,413.62
54.50,423.75,478.55,284.84,493.14,456.76,455.04,430.59
54.60,431.27,452.05,299.58,461.36,404.13,447.53,419.30
54.70,423.21,453.01,296.53,494.99,443.38,422.67,401.18
54.80,447.55,435.35,275.42,496.45,434.69,449.76,452.28
54.90,426.52,473.36,292.47,458.58,450.82,441.31,435.89
55.00,403.45,433.58,293.53,500.57,447.20,438.48,412.93
55.10,366.82,412.67,289.22,465.95,442.51,447.58,459.44
55.20,418.70,432.97,257.19,494.60,471.99,444.79,413.58
55.31,429.73,460.80,309.70,487.31,490.80,413.55,419.96
55.41,388.64,434.72,328.31,501.16,467.79,459.42,411.64
55.51,379.83,438.30,274.54,472.12,506.75,398.12,424.93
55.61,424.92,454.48,280.74,504.97,440.58,427.21,399.02
55.71,409.77,455.99,329.96,517.73,459.43,431.33,396.87
55.81,386.07,466.31,350.83,515.17,459.23,422.00,379.10
55.91,352.59,464.56,292.60,479.52,434.19,418.64,410.27
56.01,398.88,432.28,325.99,510.65,448.99,407.78,394.47
56.11,386.74,426.73,335.00,521.10,441.42,408.35,390.08
56.21,387.47,429.85,353.77,530.78,444.13,423.05,366.63
56.31,365.51,443.79,339.82,546.12,458.50,361.04,380.63
56.41,377.23,443.62,310.63,551.09,435.18,390.78,399.20
56.51,349.32,438.22,338.80,511.38,485.62,414.88,353.41
56.61,372.80,431.05,323.61,553.06,431.15,419.82,362.41
56.71,355.92,432.33,360.31,566.47,458.29,365.68,385.55
56.81,360.13,438.29,345.68,568.58,450.19,398.74,375.10
56.91,345.16,429.32,359.69,527.17,451.20,405.58,332.83
57.01,337.02,461.89,357.87,526.26,443.04,364.90,368.78
57.11,349.37,443.76,321.16,589.87,432.98,381.12,333.97
57.21,373.63,450.92,300.77,553.57,424.61,410.27,374.42
57.31,358.75,467.46,369.15,524.01,449.54,352.84,349.44
57.41,351.44,459.17,356.47,533.78,424.15,401.17,335.98
57.51,342.00,474.60,362.11,557.16,421.01,356.40,386.02
57.61,375.30,453.79,310.72,535.19,460.13,374.92,356.15
57.71,358.24,440.39,385.65,518.53,450.61,362.22,341.76
57.81,382.57,472.67,375.81,532.04,395.46,350.23,335.58
57.92,335.06,486.58,367.10,551.75,418.38,321.11,369.82
58.02,407.22,465.79,352.58,568.71,430.92,330.05,391.11
58.12,375.69,479.01,345.50,552.88,423.10,354.03,347.35
58.22,381.07,480.94,356.55,575.53,418.93,373.67,343.75
58.32,377.72,509.14,415.57,493.41,407.38,360.84,314.85
58.42,353.02,506.57,383.23,539.61,418.05,361.70,360.51
58.52,381.43,507.67,368.93,558.60,395.19,317.39,355.34
58.62,383.77,486.40,376.89,524.56,406.35,325.90,367.20
58.72,354.54,512.32,377.51,557.48,423.26,364.88,346.11
58.82,393.34,529.01,386.69,546.56,440.95,352.01,387.76
58.92,367.29,516.93,350.64,529.66,357.77,328.83,367.54
59.02,411.35,506.80,375.37,505.49,427.30,321.11,361.84
59.12,383.22,470.18,358.62,519.21,393.20,306.56,362.17
59.22,409.95,515.52,361.78,552.01,411.90,309.35,415.02
59.32,368.61,517.07,414.93,529.43,401.25,334.24,409.24
59.42,389.97,543.26,382.97,506.98,391.98,311.91,381.58
59.52,388.23,533.96,383.10,519.58,378.94,341.00,347.25
59.62,370.10,513.29,376.13,536.07,383.39,319.00,406.23
59.72,417.16,517.71,413.61,535.94,403.98,347.17,390.45
59.82,450.84,556.92,373.29,504.21,419.33,343.33,392.23
59.92,399.26,525.34,391.65,522.41,337.84,344.99,402.53
60.02,414.27,506.27,388.60,479.46,392.13,350.28,391.58
60.12,403.17,554.59,354.60,506.84,346.54,320.48,381.18
60.22,434.68,521.12,375.96,493.90,367.12,347.72,426.81
60.32,395.93,583.85,401.29,488.80,339.49,339.71,397.50
60.42,427.08,550.21,344.99,501.44,375.42,395.10,407.86
60.52,404.35,525.83,364.03,483.36,370.82,362.62,451.28
60.62,435.67,534.71,375.90,494.03,382.39,303.29,382.78
60.72,422.39,563.72,335.19,444.26,358.96,341.63,447.31
60.82,427.44,514.33,350.58,474.68,330.54,329.70,447.83
60.93,456.86,537.30,397.47,456.70,349.41,390.89,471.21
